==40089== Memcheck, a memory error detector
==40089== Copyright (C) 2002-2017, and GNU GPL'd, by Julian Seward et al.
==40089== Using Valgrind-3.15.0 and LibVEX; rerun with -h for copyright info
==40089== Command: ./a.out
==40089== 
2 0
2 2
2 2
2 1
2 2
2 2
2 2
1 1
2 1
2 1
==40089== 
==40089== HEAP SUMMARY:
==40089==     in use at exit: 0 bytes in 0 blocks
==40089==   total heap usage: 7 allocs, 7 frees, 5,213 bytes allocated
==40089== 
==40089== All heap blocks were freed -- no leaks are possible
==40089== 
==40089== For lists of detected and suppressed errors, rerun with: -s
==40089== ERROR SUMMARY: 0 errors from 0 contexts (suppressed: 0 from 0)
